2024-03-22 02:16:46.709 | INFO     | app:<module>:42 - This log message is using the configurated logger.
2024-03-22 02:16:53.769 | INFO     | middleware.request_logger:__call__:21 - Request received: GET /home | Execution time: 0.00690s
2024-03-22 02:16:56.245 | INFO     | middleware.request_logger:__call__:21 - Request received: GET /product/1 | Execution time: 0.00455s
2024-03-22 02:16:57.899 | INFO     | middleware.request_logger:__call__:21 - Request received: GET /login | Execution time: 0.00509s
2024-03-22 02:16:59.871 | INFO     | app:login:68 - Route login
2024-03-22 02:16:59.879 | INFO     | middleware.request_logger:__call__:21 - Request received: POST /login | Execution time: 0.01067s
2024-03-22 02:17:05.158 | INFO     | middleware.request_logger:__call__:21 - Request received: GET /signup | Execution time: 0.00650s
2024-03-22 02:17:09.213 | INFO     | app:signup:93 - Route signup
2024-03-22 02:17:09.512 | INFO     | middleware.request_logger:__call__:21 - Request received: POST /signup | Execution time: 0.30121s
2024-03-22 02:17:09.546 | INFO     | middleware.request_logger:__call__:21 - Request received: GET /login | Execution time: 0.00312s
2024-03-22 02:17:10.923 | INFO     | app:login:68 - Route login
2024-03-22 02:17:11.155 | INFO     | utils.auth:authenticate_user:48 - Successful
2024-03-22 02:17:11.156 | INFO     | utils.auth:token_generator:55 - Token is generated.
2024-03-22 02:17:11.357 | INFO     | utils.auth:authenticate_user:48 - Successful
2024-03-22 02:17:11.358 | INFO     | app:login:73 - Generated token: eyJhbGciOiJIUzI1NiIsInR5cCI6IkpXVCJ9.eyJpZCI6MTAsInVzZXJuYW1lIjoidGVzdGFAZ21haWwuY29tIiwiZW1haWwiOiJ0ZXN0YUBnbWFpbC5jb20ifQ.IwrTaTLT2_-i6JNOtLw0ZwSxF9Et0Ia9YzUzkpGfRyg
2024-03-22 02:17:11.359 | INFO     | middleware.request_logger:__call__:21 - Request received: POST /login | Execution time: 0.44025s
2024-03-22 02:17:11.364 | INFO     | middleware.request_logger:__call__:21 - Request received: POST /profile | Execution time: 0.00119s
2024-03-22 02:17:11.375 | INFO     | middleware.request_logger:__call__:21 - Request received: GET /profile | Execution time: 0.00147s
2024-03-22 02:17:14.434 | INFO     | middleware.request_logger:__call__:21 - Request received: GET /logout | Execution time: 0.00146s
2024-03-22 02:17:14.439 | INFO     | middleware.request_logger:__call__:21 - Request received: GET /login | Execution time: 0.00096s
2024-03-22 02:17:18.106 | INFO     | middleware.request_logger:__call__:21 - Request received: GET /login | Execution time: 0.00133s
2024-03-22 02:17:20.665 | INFO     | app:login:68 - Route login
2024-03-22 02:17:20.898 | INFO     | utils.auth:authenticate_user:48 - Successful
2024-03-22 02:17:20.899 | INFO     | utils.auth:token_generator:55 - Token is generated.
2024-03-22 02:17:21.102 | INFO     | utils.auth:authenticate_user:48 - Successful
2024-03-22 02:17:21.103 | INFO     | app:login:73 - Generated token: eyJhbGciOiJIUzI1NiIsInR5cCI6IkpXVCJ9.eyJpZCI6MTAsInVzZXJuYW1lIjoidGVzdGFAZ21haWwuY29tIiwiZW1haWwiOiJ0ZXN0YUBnbWFpbC5jb20ifQ.IwrTaTLT2_-i6JNOtLw0ZwSxF9Et0Ia9YzUzkpGfRyg
2024-03-22 02:17:21.104 | INFO     | middleware.request_logger:__call__:21 - Request received: POST /login | Execution time: 0.44199s
2024-03-22 02:17:21.108 | INFO     | middleware.request_logger:__call__:21 - Request received: POST /profile | Execution time: 0.00122s
2024-03-22 02:17:21.117 | INFO     | middleware.request_logger:__call__:21 - Request received: GET /profile | Execution time: 0.00135s
2024-03-22 02:17:24.251 | INFO     | middleware.request_logger:__call__:21 - Request received: GET /login | Execution time: 0.00439s
2024-03-22 02:17:27.002 | INFO     | app:login:68 - Route login
2024-03-22 02:17:27.004 | INFO     | middleware.request_logger:__call__:21 - Request received: POST /login | Execution time: 0.00304s
2024-03-22 02:17:30.751 | INFO     | app:login:68 - Route login
2024-03-22 02:17:30.985 | INFO     | utils.auth:authenticate_user:48 - Successful
2024-03-22 02:17:30.985 | INFO     | utils.auth:token_generator:55 - Token is generated.
2024-03-22 02:17:31.189 | INFO     | utils.auth:authenticate_user:48 - Successful
2024-03-22 02:17:31.189 | INFO     | app:login:73 - Generated token: eyJhbGciOiJIUzI1NiIsInR5cCI6IkpXVCJ9.eyJpZCI6MTAsInVzZXJuYW1lIjoidGVzdGFAZ21haWwuY29tIiwiZW1haWwiOiJ0ZXN0YUBnbWFpbC5jb20ifQ.IwrTaTLT2_-i6JNOtLw0ZwSxF9Et0Ia9YzUzkpGfRyg
2024-03-22 02:17:31.190 | INFO     | middleware.request_logger:__call__:21 - Request received: POST /login | Execution time: 0.44392s
2024-03-22 02:17:31.195 | INFO     | middleware.request_logger:__call__:21 - Request received: POST /profile | Execution time: 0.00168s
2024-03-22 02:17:31.205 | INFO     | middleware.request_logger:__call__:21 - Request received: GET /profile | Execution time: 0.00173s
2024-03-22 02:17:35.132 | INFO     | middleware.request_logger:__call__:21 - Request received: GET /logout | Execution time: 0.00113s
2024-03-22 02:17:35.142 | INFO     | middleware.request_logger:__call__:21 - Request received: GET /login | Execution time: 0.00128s
2024-03-22 02:17:36.630 | INFO     | app:login:68 - Route login
2024-03-22 02:17:36.845 | ERROR    | utils.auth:authenticate_user:51 - invalid user data
2024-03-22 02:17:36.846 | INFO     | middleware.request_logger:__call__:21 - Request received: POST /login | Execution time: 0.21840s
2024-03-22 02:17:41.744 | INFO     | middleware.request_logger:__call__:21 - Request received: GET /signup | Execution time: 0.00139s
2024-03-22 02:20:33.988 | INFO     | app:<module>:42 - This log message is using the configurated logger.
2024-03-22 02:22:05.680 | INFO     | app:<module>:42 - This log message is using the configurated logger.
2024-03-22 02:23:03.736 | INFO     | middleware.request_logger:__call__:21 - Request received: GET /signup | Execution time: 0.00499s
2024-03-22 02:23:07.578 | INFO     | app:signup:93 - Route signup
2024-03-22 02:23:07.864 | INFO     | middleware.request_logger:__call__:21 - Request received: POST /signup | Execution time: 0.28712s
2024-03-22 02:23:07.880 | INFO     | middleware.request_logger:__call__:21 - Request received: GET /login | Execution time: 0.00253s
2024-03-22 02:23:09.290 | INFO     | app:login:68 - Route login
2024-03-22 02:23:09.524 | INFO     | utils.auth:authenticate_user:46 - Successfully authenticated
2024-03-22 02:23:09.524 | INFO     | utils.auth:token_generator:53 - Token is successfully generated.
2024-03-22 02:23:09.729 | INFO     | utils.auth:authenticate_user:46 - Successfully authenticated
2024-03-22 02:23:09.730 | INFO     | app:login:73 - Generated token: eyJhbGciOiJIUzI1NiIsInR5cCI6IkpXVCJ9.eyJpZCI6MTAsInVzZXJuYW1lIjoidGVzdGFAZ21haWwuY29tIiwiZW1haWwiOiJ0ZXN0YUBnbWFpbC5jb20ifQ.IwrTaTLT2_-i6JNOtLw0ZwSxF9Et0Ia9YzUzkpGfRyg
2024-03-22 02:23:09.730 | INFO     | middleware.request_logger:__call__:21 - Request received: POST /login | Execution time: 0.44549s
2024-03-22 02:23:09.735 | INFO     | middleware.request_logger:__call__:21 - Request received: POST /profile | Execution time: 0.00127s
2024-03-22 02:23:09.743 | INFO     | middleware.request_logger:__call__:21 - Request received: GET /profile | Execution time: 0.00131s
2024-03-22 02:23:11.056 | INFO     | middleware.request_logger:__call__:21 - Request received: GET /logout | Execution time: 0.00339s
2024-03-22 02:23:11.069 | INFO     | middleware.request_logger:__call__:21 - Request received: GET /login | Execution time: 0.00330s
2024-03-22 02:23:15.558 | INFO     | middleware.request_logger:__call__:21 - Request received: GET /login | Execution time: 0.00198s
2024-03-22 02:23:19.500 | INFO     | middleware.request_logger:__call__:21 - Request received: GET /home | Execution time: 0.00706s
2024-03-22 02:23:20.968 | INFO     | middleware.request_logger:__call__:21 - Request received: GET /product/1 | Execution time: 0.00615s
2024-03-22 02:23:24.975 | INFO     | middleware.request_logger:__call__:21 - Request received: GET /product/3 | Execution time: 0.00279s
2024-03-22 02:23:26.763 | INFO     | middleware.request_logger:__call__:21 - Request received: GET /login | Execution time: 0.00114s
2024-03-22 02:23:28.352 | INFO     | middleware.request_logger:__call__:21 - Request received: GET /signup | Execution time: 0.00113s
2024-03-22 02:23:36.874 | INFO     | app:signup:93 - Route signup
2024-03-22 02:23:37.112 | INFO     | middleware.request_logger:__call__:21 - Request received: POST /signup | Execution time: 0.23968s
2024-03-22 02:23:37.119 | INFO     | middleware.request_logger:__call__:21 - Request received: GET /login | Execution time: 0.00134s
2024-03-22 02:23:45.651 | INFO     | app:login:68 - Route login
2024-03-22 02:23:45.863 | ERROR    | utils.auth:authenticate_user:49 - Invalid user data!
2024-03-22 02:23:45.864 | INFO     | middleware.request_logger:__call__:21 - Request received: POST /login | Execution time: 0.21522s
2024-03-22 02:23:52.849 | INFO     | app:login:68 - Route login
2024-03-22 02:23:53.081 | ERROR    | utils.auth:authenticate_user:49 - Invalid user data!
2024-03-22 02:23:53.081 | INFO     | middleware.request_logger:__call__:21 - Request received: POST /login | Execution time: 0.23658s
2024-03-22 02:23:55.840 | INFO     | middleware.request_logger:__call__:21 - Request received: GET /signup | Execution time: 0.00433s
2024-03-22 02:24:11.511 | INFO     | app:signup:93 - Route signup
2024-03-22 02:24:11.743 | INFO     | middleware.request_logger:__call__:21 - Request received: POST /signup | Execution time: 0.23335s
2024-03-22 02:24:11.760 | INFO     | middleware.request_logger:__call__:21 - Request received: GET /login | Execution time: 0.00125s
2024-03-22 02:24:15.424 | INFO     | app:login:68 - Route login
2024-03-22 02:24:15.647 | INFO     | utils.auth:authenticate_user:46 - Successfully authenticated
2024-03-22 02:24:15.647 | INFO     | utils.auth:token_generator:53 - Token is successfully generated.
2024-03-22 02:24:15.850 | INFO     | utils.auth:authenticate_user:46 - Successfully authenticated
2024-03-22 02:24:15.850 | INFO     | app:login:73 - Generated token: eyJhbGciOiJIUzI1NiIsInR5cCI6IkpXVCJ9.eyJpZCI6MTMsInVzZXJuYW1lIjoidGVzdHQiLCJlbWFpbCI6InRlc3R0dEBnbWFpbC5jb20ifQ.kUbyTxBdzUYK6QvG24S3X1HxYE6ipQqeXoKLsMlu2Js
2024-03-22 02:24:15.851 | INFO     | middleware.request_logger:__call__:21 - Request received: POST /login | Execution time: 0.42851s
2024-03-22 02:24:15.856 | INFO     | middleware.request_logger:__call__:21 - Request received: POST /profile | Execution time: 0.00129s
2024-03-22 02:24:15.866 | INFO     | middleware.request_logger:__call__:21 - Request received: GET /profile | Execution time: 0.00181s
2024-03-22 02:24:17.694 | INFO     | middleware.request_logger:__call__:21 - Request received: GET /logout | Execution time: 0.00297s
2024-03-22 02:24:17.715 | INFO     | middleware.request_logger:__call__:21 - Request received: GET /login | Execution time: 0.00364s
2024-03-22 02:25:52.160 | INFO     | middleware.request_logger:__call__:21 - Request received: GET /login | Execution time: 0.00213s
2024-03-22 02:25:54.554 | INFO     | app:login:68 - Route login
2024-03-22 02:25:54.790 | INFO     | utils.auth:authenticate_user:46 - Successfully authenticated
2024-03-22 02:25:54.790 | INFO     | utils.auth:token_generator:53 - Token is successfully generated.
2024-03-22 02:25:54.992 | INFO     | utils.auth:authenticate_user:46 - Successfully authenticated
2024-03-22 02:25:54.992 | INFO     | app:login:73 - Generated token: eyJhbGciOiJIUzI1NiIsInR5cCI6IkpXVCJ9.eyJpZCI6MTAsInVzZXJuYW1lIjoidGVzdGFAZ21haWwuY29tIiwiZW1haWwiOiJ0ZXN0YUBnbWFpbC5jb20ifQ.IwrTaTLT2_-i6JNOtLw0ZwSxF9Et0Ia9YzUzkpGfRyg
2024-03-22 02:25:54.993 | INFO     | middleware.request_logger:__call__:21 - Request received: POST /login | Execution time: 0.44259s
2024-03-22 02:25:54.998 | INFO     | middleware.request_logger:__call__:21 - Request received: POST /profile | Execution time: 0.00105s
2024-03-22 02:25:55.007 | INFO     | middleware.request_logger:__call__:21 - Request received: GET /profile | Execution time: 0.00157s
2024-03-22 02:25:56.089 | INFO     | middleware.request_logger:__call__:21 - Request received: GET /logout | Execution time: 0.00298s
2024-03-22 02:25:56.109 | INFO     | middleware.request_logger:__call__:21 - Request received: GET /login | Execution time: 0.00237s
2024-03-22 02:25:57.113 | INFO     | middleware.request_logger:__call__:21 - Request received: GET /signup | Execution time: 0.00438s
2024-03-22 02:26:13.862 | INFO     | app:signup:93 - Route signup
2024-03-22 02:26:14.109 | INFO     | middleware.request_logger:__call__:21 - Request received: POST /signup | Execution time: 0.24736s
2024-03-22 02:26:14.114 | INFO     | middleware.request_logger:__call__:21 - Request received: GET /login | Execution time: 0.00090s
2024-03-22 02:26:17.613 | INFO     | app:login:68 - Route login
2024-03-22 02:26:17.834 | INFO     | utils.auth:authenticate_user:46 - Successfully authenticated
2024-03-22 02:26:17.834 | INFO     | utils.auth:token_generator:53 - Token is successfully generated.
2024-03-22 02:26:18.035 | INFO     | utils.auth:authenticate_user:46 - Successfully authenticated
2024-03-22 02:26:18.036 | INFO     | app:login:73 - Generated token: eyJhbGciOiJIUzI1NiIsInR5cCI6IkpXVCJ9.eyJpZCI6MTQsInVzZXJuYW1lIjoiYWFhYmJiIiwiZW1haWwiOiJhYWFiYmJAZ21haWwuY29tIn0.65g8-HMyu0YzxXqVKkF7Hh16kygNFegzX7ytf4zxG8s
2024-03-22 02:26:18.037 | INFO     | middleware.request_logger:__call__:21 - Request received: POST /login | Execution time: 0.42524s
2024-03-22 02:26:18.042 | INFO     | middleware.request_logger:__call__:21 - Request received: POST /profile | Execution time: 0.00105s
2024-03-22 02:26:18.053 | INFO     | middleware.request_logger:__call__:21 - Request received: GET /profile | Execution time: 0.00155s
2024-03-22 02:26:18.892 | INFO     | middleware.request_logger:__call__:21 - Request received: GET /logout | Execution time: 0.00332s
2024-03-22 02:26:18.906 | INFO     | middleware.request_logger:__call__:21 - Request received: GET /login | Execution time: 0.00206s
2024-03-22 02:26:19.557 | INFO     | middleware.request_logger:__call__:21 - Request received: GET /signup | Execution time: 0.00403s
2024-03-22 02:26:26.539 | INFO     | app:signup:93 - Route signup
2024-03-22 02:26:26.754 | INFO     | middleware.request_logger:__call__:21 - Request received: POST /signup | Execution time: 0.21648s
2024-03-22 02:26:32.072 | INFO     | app:signup:93 - Route signup
2024-03-22 02:26:32.306 | INFO     | middleware.request_logger:__call__:21 - Request received: POST /signup | Execution time: 0.23708s
2024-03-22 02:26:36.351 | INFO     | app:signup:93 - Route signup
2024-03-22 02:26:36.581 | INFO     | middleware.request_logger:__call__:21 - Request received: POST /signup | Execution time: 0.23488s
2024-03-22 02:26:40.618 | INFO     | app:signup:93 - Route signup
2024-03-22 02:26:40.877 | INFO     | middleware.request_logger:__call__:21 - Request received: POST /signup | Execution time: 0.26253s
2024-03-22 02:26:40.888 | INFO     | middleware.request_logger:__call__:21 - Request received: GET /login | Execution time: 0.00080s
2024-03-22 02:26:46.431 | INFO     | middleware.request_logger:__call__:21 - Request received: GET /home | Execution time: 0.00261s
2024-03-22 02:26:48.244 | INFO     | middleware.request_logger:__call__:21 - Request received: GET /product/1 | Execution time: 0.00123s
2024-03-22 02:26:48.797 | INFO     | middleware.request_logger:__call__:21 - Request received: GET /login | Execution time: 0.00078s
2024-03-22 02:26:49.912 | INFO     | middleware.request_logger:__call__:21 - Request received: GET /home | Execution time: 0.00132s
2024-03-22 02:26:52.065 | INFO     | middleware.request_logger:__call__:21 - Request received: GET /login | Execution time: 0.00285s
2024-03-22 02:27:50.859 | INFO     | app:<module>:42 - This log message is using the configurated logger.
